<?xml version="1.0" encoding="UTF-8"?>
<coverage generated="1527591796566" clover="3.2.0">
  <project timestamp="1527591796566" name="All files">
    <metrics statements="41" coveredstatements="40" conditionals="12" coveredconditionals="11" methods="6" coveredmethods="6" elements="59" coveredelements="57" complexity="0" loc="41" ncloc="41" packages="1" files="2" classes="2">
      <file name="02-harmless-ransom-note.js" path="/home/ksenia/learn/shri/alrorythms-js-implementation/src/other/02-harmless-ransom-note.js">
        <metrics statements="32" coveredstatements="31" conditionals="10" coveredconditionals="9" methods="4" coveredmethods="4"/>
        <line num="5" count="1" type="stmt"/>
        <line num="6" count="5" type="stmt"/>
        <line num="7" count="5" type="stmt"/>
        <line num="8" count="5" type="stmt"/>
        <line num="9" count="5" type="stmt"/>
        <line num="10" count="5" type="stmt"/>
        <line num="12" count="5" type="cond" truecount="2" falsecount="0"/>
        <line num="13" count="4" type="stmt"/>
        <line num="14" count="37" type="stmt"/>
        <line num="15" count="37" type="cond" truecount="2" falsecount="0"/>
        <line num="16" count="13" type="stmt"/>
        <line num="17" count="13" type="stmt"/>
        <line num="20" count="4" type="stmt"/>
        <line num="23" count="1" type="stmt"/>
        <line num="24" count="5" type="stmt"/>
        <line num="25" count="5" type="stmt"/>
        <line num="26" count="5" type="stmt"/>
        <line num="27" count="5" type="stmt"/>
        <line num="28" count="5" type="stmt"/>
        <line num="29" count="5" type="stmt"/>
        <line num="31" count="5" type="stmt"/>
        <line num="32" count="42" type="cond" truecount="2" falsecount="0"/>
        <line num="33" count="42" type="stmt"/>
        <line num="36" count="5" type="stmt"/>
        <line num="37" count="29" type="cond" truecount="2" falsecount="0"/>
        <line num="38" count="13" type="stmt"/>
        <line num="39" count="13" type="cond" truecount="1" falsecount="1"/>
        <line num="40" count="0" type="stmt"/>
        <line num="43" count="16" type="stmt"/>
        <line num="46" count="5" type="stmt"/>
        <line num="49" count="1" type="stmt"/>
        <line num="50" count="1" type="stmt"/>
      </file>
      <file name="03-is-palindrome.js" path="/home/ksenia/learn/shri/alrorythms-js-implementation/src/other/03-is-palindrome.js">
        <metrics statements="9" coveredstatements="9" conditionals="2" coveredconditionals="2" methods="2" coveredmethods="2"/>
        <line num="1" count="1" type="stmt"/>
        <line num="2" count="11" type="stmt"/>
        <line num="3" count="11" type="stmt"/>
        <line num="4" count="11" type="stmt"/>
        <line num="6" count="11" type="stmt"/>
        <line num="7" count="81" type="cond" truecount="2" falsecount="0"/>
        <line num="10" count="11" type="stmt"/>
        <line num="13" count="1" type="stmt"/>
        <line num="15" count="1" type="stmt"/>
      </file>
    </metrics>
  </project>
</coverage>
