{"/home/ksenia/learn/shri/alrorythms-js-implementation/src/other/02-harmless-ransom-note.js": {"path":"/home/ksenia/learn/shri/alrorythms-js-implementation/src/other/02-harmless-ransom-note.js","statementMap":{"0":{"start":{"line":5,"column":29},"end":{"line":21,"column":1}},"1":{"start":{"line":6,"column":13},"end":{"line":6,"column":35}},"2":{"start":{"line":7,"column":13},"end":{"line":7,"column":39}},"3":{"start":{"line":8,"column":11},"end":{"line":8,"column":13}},"4":{"start":{"line":9,"column":20},"end":{"line":9,"column":33}},"5":{"start":{"line":10,"column":21},"end":{"line":10,"column":34}},"6":{"start":{"line":12,"column":2},"end":{"line":12,"column":37}},"7":{"start":{"line":12,"column":24},"end":{"line":12,"column":37}},"8":{"start":{"line":13,"column":2},"end":{"line":19,"column":3}},"9":{"start":{"line":14,"column":4},"end":{"line":14,"column":43}},"10":{"start":{"line":15,"column":4},"end":{"line":18,"column":5}},"11":{"start":{"line":16,"column":17},"end":{"line":16,"column":32}},"12":{"start":{"line":17,"column":6},"end":{"line":17,"column":21}},"13":{"start":{"line":20,"column":2},"end":{"line":20,"column":26}},"14":{"start":{"line":23,"column":29},"end":{"line":47,"column":1}},"15":{"start":{"line":24,"column":13},"end":{"line":24,"column":35}},"16":{"start":{"line":25,"column":13},"end":{"line":25,"column":39}},"17":{"start":{"line":26,"column":18},"end":{"line":26,"column":31}},"18":{"start":{"line":27,"column":17},"end":{"line":27,"column":30}},"19":{"start":{"line":28,"column":17},"end":{"line":28,"column":19}},"20":{"start":{"line":29,"column":23},"end":{"line":29,"column":27}},"21":{"start":{"line":31,"column":2},"end":{"line":34,"column":5}},"22":{"start":{"line":32,"column":4},"end":{"line":32,"column":40}},"23":{"start":{"line":32,"column":23},"end":{"line":32,"column":40}},"24":{"start":{"line":33,"column":4},"end":{"line":33,"column":19}},"25":{"start":{"line":36,"column":2},"end":{"line":45,"column":5}},"26":{"start":{"line":37,"column":4},"end":{"line":44,"column":5}},"27":{"start":{"line":38,"column":6},"end":{"line":38,"column":21}},"28":{"start":{"line":39,"column":6},"end":{"line":41,"column":7}},"29":{"start":{"line":40,"column":8},"end":{"line":40,"column":31}},"30":{"start":{"line":43,"column":6},"end":{"line":43,"column":29}},"31":{"start":{"line":46,"column":2},"end":{"line":46,"column":24}},"32":{"start":{"line":49,"column":0},"end":{"line":49,"column":42}},"33":{"start":{"line":50,"column":0},"end":{"line":50,"column":42}}},"fnMap":{"0":{"name":"(anonymous_0)","decl":{"start":{"line":5,"column":29},"end":{"line":5,"column":30}},"loc":{"start":{"line":5,"column":57},"end":{"line":21,"column":1}},"line":5},"1":{"name":"(anonymous_1)","decl":{"start":{"line":23,"column":29},"end":{"line":23,"column":30}},"loc":{"start":{"line":23,"column":57},"end":{"line":47,"column":1}},"line":23},"2":{"name":"(anonymous_2)","decl":{"start":{"line":31,"column":17},"end":{"line":31,"column":18}},"loc":{"start":{"line":31,"column":27},"end":{"line":34,"column":3}},"line":31},"3":{"name":"(anonymous_3)","decl":{"start":{"line":36,"column":18},"end":{"line":36,"column":19}},"loc":{"start":{"line":36,"column":28},"end":{"line":45,"column":3}},"line":36}},"branchMap":{"0":{"loc":{"start":{"line":12,"column":2},"end":{"line":12,"column":37}},"type":"if","locations":[{"start":{"line":12,"column":2},"end":{"line":12,"column":37}},{"start":{"line":12,"column":2},"end":{"line":12,"column":37}}],"line":12},"1":{"loc":{"start":{"line":15,"column":4},"end":{"line":18,"column":5}},"type":"if","locations":[{"start":{"line":15,"column":4},"end":{"line":18,"column":5}},{"start":{"line":15,"column":4},"end":{"line":18,"column":5}}],"line":15},"2":{"loc":{"start":{"line":32,"column":4},"end":{"line":32,"column":40}},"type":"if","locations":[{"start":{"line":32,"column":4},"end":{"line":32,"column":40}},{"start":{"line":32,"column":4},"end":{"line":32,"column":40}}],"line":32},"3":{"loc":{"start":{"line":37,"column":4},"end":{"line":44,"column":5}},"type":"if","locations":[{"start":{"line":37,"column":4},"end":{"line":44,"column":5}},{"start":{"line":37,"column":4},"end":{"line":44,"column":5}}],"line":37},"4":{"loc":{"start":{"line":39,"column":6},"end":{"line":41,"column":7}},"type":"if","locations":[{"start":{"line":39,"column":6},"end":{"line":41,"column":7}},{"start":{"line":39,"column":6},"end":{"line":41,"column":7}}],"line":39}},"s":{"0":1,"1":5,"2":5,"3":5,"4":5,"5":5,"6":5,"7":1,"8":4,"9":37,"10":37,"11":13,"12":13,"13":4,"14":1,"15":5,"16":5,"17":5,"18":5,"19":5,"20":5,"21":5,"22":42,"23":37,"24":42,"25":5,"26":29,"27":13,"28":13,"29":0,"30":16,"31":5,"32":1,"33":1},"f":{"0":5,"1":5,"2":42,"3":29},"b":{"0":[1,4],"1":[13,24],"2":[37,5],"3":[13,16],"4":[0,13]},"_coverageSchema":"332fd63041d2c1bcb487cc26dd0d5f7d97098a6c","hash":"22e85202f792d21031e20e074394b11a56f5b953"}
,"/home/ksenia/learn/shri/alrorythms-js-implementation/src/other/03-is-palindrome.js": {"path":"/home/ksenia/learn/shri/alrorythms-js-implementation/src/other/03-is-palindrome.js","statementMap":{"0":{"start":{"line":1,"column":23},"end":{"line":11,"column":1}},"1":{"start":{"line":2,"column":17},"end":{"line":2,"column":47}},"2":{"start":{"line":3,"column":21},"end":{"line":3,"column":23}},"3":{"start":{"line":4,"column":20},"end":{"line":4,"column":91}},"4":{"start":{"line":6,"column":2},"end":{"line":8,"column":5}},"5":{"start":{"line":7,"column":4},"end":{"line":7,"column":56}},"6":{"start":{"line":7,"column":34},"end":{"line":7,"column":56}},"7":{"start":{"line":10,"column":2},"end":{"line":10,"column":63}},"8":{"start":{"line":13,"column":0},"end":{"line":13,"column":34}},"9":{"start":{"line":15,"column":0},"end":{"line":15,"column":35}}},"fnMap":{"0":{"name":"(anonymous_0)","decl":{"start":{"line":1,"column":23},"end":{"line":1,"column":24}},"loc":{"start":{"line":1,"column":35},"end":{"line":11,"column":1}},"line":1},"1":{"name":"(anonymous_1)","decl":{"start":{"line":6,"column":17},"end":{"line":6,"column":18}},"loc":{"start":{"line":6,"column":27},"end":{"line":8,"column":3}},"line":6}},"branchMap":{"0":{"loc":{"start":{"line":7,"column":4},"end":{"line":7,"column":56}},"type":"if","locations":[{"start":{"line":7,"column":4},"end":{"line":7,"column":56}},{"start":{"line":7,"column":4},"end":{"line":7,"column":56}}],"line":7}},"s":{"0":1,"1":11,"2":11,"3":11,"4":11,"5":81,"6":66,"7":11,"8":1,"9":1},"f":{"0":11,"1":81},"b":{"0":[66,15]},"_coverageSchema":"332fd63041d2c1bcb487cc26dd0d5f7d97098a6c","hash":"77625bd99283e223e8bdf1d8d84b8f8f7fcdf652"}
}
