TN:
SF:/home/ksenia/learn/shri/alrorythms-js-implementation/src/other/02-harmless-ransom-note.js
FN:5,(anonymous_0)
FN:23,(anonymous_1)
FN:31,(anonymous_2)
FN:36,(anonymous_3)
FNF:4
FNH:4
FNDA:5,(anonymous_0)
FNDA:5,(anonymous_1)
FNDA:42,(anonymous_2)
FNDA:29,(anonymous_3)
DA:5,1
DA:6,5
DA:7,5
DA:8,5
DA:9,5
DA:10,5
DA:12,5
DA:13,4
DA:14,37
DA:15,37
DA:16,13
DA:17,13
DA:20,4
DA:23,1
DA:24,5
DA:25,5
DA:26,5
DA:27,5
DA:28,5
DA:29,5
DA:31,5
DA:32,42
DA:33,42
DA:36,5
DA:37,29
DA:38,13
DA:39,13
DA:40,0
DA:43,16
DA:46,5
DA:49,1
DA:50,1
LF:32
LH:31
BRDA:12,0,0,1
BRDA:12,0,1,4
BRDA:15,1,0,13
BRDA:15,1,1,24
BRDA:32,2,0,37
BRDA:32,2,1,5
BRDA:37,3,0,13
BRDA:37,3,1,16
BRDA:39,4,0,0
BRDA:39,4,1,13
BRF:10
BRH:9
end_of_record
TN:
SF:/home/ksenia/learn/shri/alrorythms-js-implementation/src/other/03-is-palindrome.js
FN:1,(anonymous_0)
FN:6,(anonymous_1)
FNF:2
FNH:2
FNDA:11,(anonymous_0)
FNDA:81,(anonymous_1)
DA:1,1
DA:2,11
DA:3,11
DA:4,11
DA:6,11
DA:7,81
DA:10,11
DA:13,1
DA:15,1
LF:9
LH:9
BRDA:7,0,0,66
BRDA:7,0,1,15
BRF:2
BRH:2
end_of_record
